Calling target program-options parser
Adding interface s5-eth1 as port 1
Adding interface s5-eth2 as port 2
Adding interface s5-eth3 as port 3
Adding interface s5-eth4 as port 4
Adding interface s5-eth5 as port 5
I0528 11:44:31.734139201   20807 server_builder.cc:247]      Synchronous server. Num CQs: 1, Min pollers: 1, Max Pollers: 2147483647, CQ timeout (msec): 1000
Server listening on 0.0.0.0:50056
Thrift server was started
New connection
P4Runtime SetForwardingPipelineConfig
P4Runtime Write
device_id: 5
election_id {
  low: 1
}
updates {
  type: INSERT
  entity {
    table_entry {
      table_id: 33556778
      match {
        field_id: 1
        exact {
          value: "\000\001"
        }
      }
      action {
        action {
          action_id: 16783177
          params {
            param_id: 1
            value: "\000\000\000\000\005\000"
          }
          params {
            param_id: 2
            value: "\000\000\000\000\005\t"
          }
        }
      }
    }
  }
}
P4Runtime Write
device_id: 5
election_id {
  low: 1
}
updates {
  type: INSERT
  entity {
    table_entry {
      table_id: 33556778
      match {
        field_id: 1
        exact {
          value: "\000\002"
        }
      }
      action {
        action {
          action_id: 16783177
          params {
            param_id: 1
            value: "\000\000\000\000\005\000"
          }
          params {
            param_id: 2
            value: "\000\000\000\000\005\n"
          }
        }
      }
    }
  }
}
P4Runtime Write
device_id: 5
election_id {
  low: 1
}
updates {
  type: INSERT
  entity {
    table_entry {
      table_id: 33556778
      match {
        field_id: 1
        exact {
          value: "\000\003"
        }
      }
      action {
        action {
          action_id: 16783177
          params {
            param_id: 1
            value: "\000\000\000\000\005\000"
          }
          params {
            param_id: 2
            value: "\001\002\004\010\0262"
          }
        }
      }
    }
  }
}
P4Runtime Write
device_id: 5
election_id {
  low: 1
}
updates {
  type: INSERT
  entity {
    table_entry {
      table_id: 33598323
      action {
        action {
          action_id: 16839549
          params {
            param_id: 1
            value: "\n\000\005\000"
          }
          params {
            param_id: 2
            value: "\n\000\000\000"
          }
        }
      }
      is_default_action: true
    }
  }
}
P4Runtime Write
device_id: 5
election_id {
  low: 1
}
updates {
  type: INSERT
  entity {
    table_entry {
      table_id: 33590557
      action {
        action {
          action_id: 16799681
          params {
            param_id: 2
            value: "\000\000\214"
          }
          params {
            param_id: 1
            value: "\000\000=\t"
          }
        }
      }
      is_default_action: true
    }
  }
}
P4Runtime Write
device_id: 5
election_id {
  low: 1
}
updates {
  type: INSERT
  entity {
    table_entry {
      table_id: 33563172
      action {
        action {
          action_id: 16828881
          params {
            param_id: 1
            value: "\000\006@\000"
          }
        }
      }
      is_default_action: true
    }
  }
}
P4Runtime Write
device_id: 5
election_id {
  low: 1
}
updates {
  type: INSERT
  entity {
    table_entry {
      table_id: 33556778
      match {
        field_id: 1
        exact {
          value: "\000\004"
        }
      }
      action {
        action {
          action_id: 16783177
          params {
            param_id: 1
            value: "\000\000\000\000\005\000"
          }
          params {
            param_id: 2
            value: "\000\000\000\000\003\000"
          }
        }
      }
    }
  }
}
P4Runtime Write
device_id: 5
election_id {
  low: 1
}
updates {
  type: INSERT
  entity {
    table_entry {
      table_id: 33556778
      match {
        field_id: 1
        exact {
          value: "\000\005"
        }
      }
      action {
        action {
          action_id: 16783177
          params {
            param_id: 1
            value: "\000\000\000\000\005\000"
          }
          params {
            param_id: 2
            value: "\000\000\000\000\007\000"
          }
        }
      }
    }
  }
}
P4Runtime Write
device_id: 5
election_id {
  low: 1
}
updates {
  type: INSERT
  entity {
    table_entry {
      table_id: 33593274
      match {
        field_id: 1
        lpm {
          value: "\n\000\003\000"
          prefix_len: 24
        }
      }
      action {
        action {
          action_id: 16785927
          params {
            param_id: 1
            value: "\000\004"
          }
        }
      }
    }
  }
}
P4Runtime Write
device_id: 5
election_id {
  low: 1
}
updates {
  type: INSERT
  entity {
    table_entry {
      table_id: 33593274
      match {
        field_id: 1
        lpm {
          value: "\n\000\005\t"
          prefix_len: 32
        }
      }
      action {
        action {
          action_id: 16785927
          params {
            param_id: 1
            value: "\000\001"
          }
        }
      }
    }
  }
}
P4Runtime Write
device_id: 5
election_id {
  low: 1
}
updates {
  type: INSERT
  entity {
    table_entry {
      table_id: 33593274
      match {
        field_id: 1
        lpm {
          value: "\n\000\005\n"
          prefix_len: 32
        }
      }
      action {
        action {
          action_id: 16785927
          params {
            param_id: 1
            value: "\000\002"
          }
        }
      }
    }
  }
}
P4Runtime Write
device_id: 5
election_id {
  low: 1
}
updates {
  type: INSERT
  entity {
    table_entry {
      table_id: 33593274
      match {
        field_id: 1
        lpm {
          value: "\n\000\004\000"
          prefix_len: 24
        }
      }
      action {
        action {
          action_id: 16785927
          params {
            param_id: 1
            value: "\000\005"
          }
        }
      }
    }
  }
}
P4Runtime Write
device_id: 5
election_id {
  low: 1
}
updates {
  type: INSERT
  entity {
    table_entry {
      table_id: 33593274
      match {
        field_id: 1
        lpm {
          value: "\n\000\006\000"
          prefix_len: 24
        }
      }
      action {
        action {
          action_id: 16785927
          params {
            param_id: 1
            value: "\000\005"
          }
        }
      }
    }
  }
}
P4Runtime Write
device_id: 5
election_id {
  low: 1
}
updates {
  type: INSERT
  entity {
    table_entry {
      table_id: 33593274
      match {
        field_id: 1
        lpm {
          value: "\n\000\005\000"
          prefix_len: 24
        }
      }
      action {
        action {
          action_id: 16832181
        }
      }
    }
  }
}
P4Runtime Write
device_id: 5
election_id {
  low: 1
}
updates {
  type: INSERT
  entity {
    table_entry {
      table_id: 33593274
      match {
        field_id: 1
        lpm {
          value: "\n\000\000\000"
          prefix_len: 24
        }
      }
      action {
        action {
          action_id: 16785927
          params {
            param_id: 1
            value: "\000\003"
          }
        }
      }
    }
  }
}
P4Runtime Write
device_id: 5
election_id {
  low: 1
}
updates {
  type: INSERT
  entity {
    table_entry {
      table_id: 33593274
      match {
        field_id: 1
        lpm {
          value: "\n\000\007\000"
          prefix_len: 24
        }
      }
      action {
        action {
          action_id: 16785927
          params {
            param_id: 1
            value: "\000\005"
          }
        }
      }
    }
  }
}
P4Runtime Write
device_id: 5
election_id {
  low: 1
}
updates {
  type: INSERT
  entity {
    table_entry {
      table_id: 33593274
      match {
        field_id: 1
        lpm {
          value: "\n\000\001\000"
          prefix_len: 24
        }
      }
      action {
        action {
          action_id: 16785927
          params {
            param_id: 1
            value: "\000\004"
          }
        }
      }
    }
  }
}
P4Runtime Write
device_id: 5
election_id {
  low: 1
}
updates {
  type: INSERT
  entity {
    table_entry {
      table_id: 33593274
      match {
        field_id: 1
        lpm {
          value: "\n\000\002\000"
          prefix_len: 24
        }
      }
      action {
        action {
          action_id: 16785927
          params {
            param_id: 1
            value: "\000\004"
          }
        }
      }
    }
  }
}
P4Runtime Write
device_id: 5
election_id {
  low: 1
}
updates {
  type: INSERT
  entity {
    table_entry {
      table_id: 33590794
      match {
        field_id: 1
        exact {
          value: "\n\000\001\001"
        }
      }
      match {
        field_id: 2
        exact {
          value: "\n\000\005\t"
        }
      }
      action {
        action {
          action_id: 16824682
          params {
            param_id: 1
            value: "\000\000\000\001"
          }
        }
      }
    }
  }
}
P4Runtime Write
device_id: 5
election_id {
  low: 1
}
updates {
  type: INSERT
  entity {
    table_entry {
      table_id: 33590794
      match {
        field_id: 1
        exact {
          value: "\n\000\005\t"
        }
      }
      match {
        field_id: 2
        exact {
          value: "\n\000\001\001"
        }
      }
      action {
        action {
          action_id: 16824682
          params {
            param_id: 1
            value: "\000\000\000\002"
          }
        }
      }
    }
  }
}
P4Runtime Write
device_id: 5
election_id {
  low: 1
}
updates {
  type: INSERT
  entity {
    table_entry {
      table_id: 33590794
      match {
        field_id: 1
        exact {
          value: "\n\000\001\001"
        }
      }
      match {
        field_id: 2
        exact {
          value: "\n\000\005\n"
        }
      }
      action {
        action {
          action_id: 16824682
          params {
            param_id: 1
            value: "\000\000\000\003"
          }
        }
      }
    }
  }
}
P4Runtime Write
device_id: 5
election_id {
  low: 1
}
updates {
  type: INSERT
  entity {
    table_entry {
      table_id: 33590794
      match {
        field_id: 1
        exact {
          value: "\n\000\005\n"
        }
      }
      match {
        field_id: 2
        exact {
          value: "\n\000\001\001"
        }
      }
      action {
        action {
          action_id: 16824682
          params {
            param_id: 1
            value: "\000\000\000\004"
          }
        }
      }
    }
  }
}
P4Runtime Write
device_id: 5
election_id {
  low: 1
}
updates {
  type: INSERT
  entity {
    table_entry {
      table_id: 33590794
      match {
        field_id: 1
        exact {
          value: "\n\000\001\002"
        }
      }
      match {
        field_id: 2
        exact {
          value: "\n\000\005\t"
        }
      }
      action {
        action {
          action_id: 16824682
          params {
            param_id: 1
            value: "\000\000\000\005"
          }
        }
      }
    }
  }
}
P4Runtime Write
device_id: 5
election_id {
  low: 1
}
updates {
  type: INSERT
  entity {
    table_entry {
      table_id: 33590794
      match {
        field_id: 1
        exact {
          value: "\n\000\005\t"
        }
      }
      match {
        field_id: 2
        exact {
          value: "\n\000\001\002"
        }
      }
      action {
        action {
          action_id: 16824682
          params {
            param_id: 1
            value: "\000\000\000\006"
          }
        }
      }
    }
  }
}
P4Runtime Write
device_id: 5
election_id {
  low: 1
}
updates {
  type: INSERT
  entity {
    table_entry {
      table_id: 33590794
      match {
        field_id: 1
        exact {
          value: "\n\000\002\003"
        }
      }
      match {
        field_id: 2
        exact {
          value: "\n\000\005\t"
        }
      }
      action {
        action {
          action_id: 16824682
          params {
            param_id: 1
            value: "\000\000\000\007"
          }
        }
      }
    }
  }
}
P4Runtime Write
device_id: 5
election_id {
  low: 1
}
updates {
  type: INSERT
  entity {
    table_entry {
      table_id: 33590794
      match {
        field_id: 1
        exact {
          value: "\n\000\005\t"
        }
      }
      match {
        field_id: 2
        exact {
          value: "\n\000\002\003"
        }
      }
      action {
        action {
          action_id: 16824682
          params {
            param_id: 1
            value: "\000\000\000\010"
          }
        }
      }
    }
  }
}
P4Runtime Write
device_id: 5
election_id {
  low: 1
}
updates {
  type: INSERT
  entity {
    table_entry {
      table_id: 33590794
      match {
        field_id: 1
        exact {
          value: "\n\000\002\004"
        }
      }
      match {
        field_id: 2
        exact {
          value: "\n\000\005\t"
        }
      }
      action {
        action {
          action_id: 16824682
          params {
            param_id: 1
            value: "\000\000\000\t"
          }
        }
      }
    }
  }
}
P4Runtime Write
device_id: 5
election_id {
  low: 1
}
updates {
  type: INSERT
  entity {
    table_entry {
      table_id: 33590794
      match {
        field_id: 1
        exact {
          value: "\n\000\005\t"
        }
      }
      match {
        field_id: 2
        exact {
          value: "\n\000\002\004"
        }
      }
      action {
        action {
          action_id: 16824682
          params {
            param_id: 1
            value: "\000\000\000\n"
          }
        }
      }
    }
  }
}
P4Runtime Write
device_id: 5
election_id {
  low: 1
}
updates {
  type: INSERT
  entity {
    table_entry {
      table_id: 33590794
      match {
        field_id: 1
        exact {
          value: "\n\000\003\005"
        }
      }
      match {
        field_id: 2
        exact {
          value: "\n\000\005\t"
        }
      }
      action {
        action {
          action_id: 16824682
          params {
            param_id: 1
            value: "\000\000\000\013"
          }
        }
      }
    }
  }
}
P4Runtime Write
device_id: 5
election_id {
  low: 1
}
updates {
  type: INSERT
  entity {
    table_entry {
      table_id: 33590794
      match {
        field_id: 1
        exact {
          value: "\n\000\005\t"
        }
      }
      match {
        field_id: 2
        exact {
          value: "\n\000\003\005"
        }
      }
      action {
        action {
          action_id: 16824682
          params {
            param_id: 1
            value: "\000\000\000\014"
          }
        }
      }
    }
  }
}
P4Runtime Write
device_id: 5
election_id {
  low: 1
}
updates {
  type: INSERT
  entity {
    table_entry {
      table_id: 33590794
      match {
        field_id: 1
        exact {
          value: "\n\000\003\006"
        }
      }
      match {
        field_id: 2
        exact {
          value: "\n\000\005\t"
        }
      }
      action {
        action {
          action_id: 16824682
          params {
            param_id: 1
            value: "\000\000\000\r"
          }
        }
      }
    }
  }
}
P4Runtime Write
device_id: 5
election_id {
  low: 1
}
updates {
  type: INSERT
  entity {
    table_entry {
      table_id: 33590794
      match {
        field_id: 1
        exact {
          value: "\n\000\005\t"
        }
      }
      match {
        field_id: 2
        exact {
          value: "\n\000\003\006"
        }
      }
      action {
        action {
          action_id: 16824682
          params {
            param_id: 1
            value: "\000\000\000\016"
          }
        }
      }
    }
  }
}
P4Runtime Write
device_id: 5
election_id {
  low: 1
}
updates {
  type: INSERT
  entity {
    table_entry {
      table_id: 33590794
      match {
        field_id: 1
        exact {
          value: "\n\000\004\007"
        }
      }
      match {
        field_id: 2
        exact {
          value: "\n\000\005\t"
        }
      }
      action {
        action {
          action_id: 16824682
          params {
            param_id: 1
            value: "\000\000\000\017"
          }
        }
      }
    }
  }
}
P4Runtime Write
device_id: 5
election_id {
  low: 1
}
updates {
  type: INSERT
  entity {
    table_entry {
      table_id: 33590794
      match {
        field_id: 1
        exact {
          value: "\n\000\005\t"
        }
      }
      match {
        field_id: 2
        exact {
          value: "\n\000\004\007"
        }
      }
      action {
        action {
          action_id: 16824682
          params {
            param_id: 1
            value: "\000\000\000\020"
          }
        }
      }
    }
  }
}
P4Runtime Write
device_id: 5
election_id {
  low: 1
}
updates {
  type: INSERT
  entity {
    table_entry {
      table_id: 33590794
      match {
        field_id: 1
        exact {
          value: "\n\000\004\010"
        }
      }
      match {
        field_id: 2
        exact {
          value: "\n\000\005\t"
        }
      }
      action {
        action {
          action_id: 16824682
          params {
            param_id: 1
            value: "\000\000\000\021"
          }
        }
      }
    }
  }
}
P4Runtime Write
device_id: 5
election_id {
  low: 1
}
updates {
  type: INSERT
  entity {
    table_entry {
      table_id: 33590794
      match {
        field_id: 1
        exact {
          value: "\n\000\005\t"
        }
      }
      match {
        field_id: 2
        exact {
          value: "\n\000\004\010"
        }
      }
      action {
        action {
          action_id: 16824682
          params {
            param_id: 1
            value: "\000\000\000\022"
          }
        }
      }
    }
  }
}
P4Runtime Write
device_id: 5
election_id {
  low: 1
}
updates {
  type: INSERT
  entity {
    table_entry {
      table_id: 33590794
      match {
        field_id: 1
        exact {
          value: "\n\000\005\n"
        }
      }
      match {
        field_id: 2
        exact {
          value: "\n\000\001\002"
        }
      }
      action {
        action {
          action_id: 16824682
          params {
            param_id: 1
            value: "\000\000\000\023"
          }
        }
      }
    }
  }
}
P4Runtime Write
device_id: 5
election_id {
  low: 1
}
updates {
  type: INSERT
  entity {
    table_entry {
      table_id: 33590794
      match {
        field_id: 1
        exact {
          value: "\n\000\001\002"
        }
      }
      match {
        field_id: 2
        exact {
          value: "\n\000\005\n"
        }
      }
      action {
        action {
          action_id: 16824682
          params {
            param_id: 1
            value: "\000\000\000\024"
          }
        }
      }
    }
  }
}
P4Runtime Write
device_id: 5
election_id {
  low: 1
}
updates {
  type: INSERT
  entity {
    table_entry {
      table_id: 33590794
      match {
        field_id: 1
        exact {
          value: "\n\000\005\n"
        }
      }
      match {
        field_id: 2
        exact {
          value: "\n\000\002\003"
        }
      }
      action {
        action {
          action_id: 16824682
          params {
            param_id: 1
            value: "\000\000\000\025"
          }
        }
      }
    }
  }
}
P4Runtime Write
device_id: 5
election_id {
  low: 1
}
updates {
  type: INSERT
  entity {
    table_entry {
      table_id: 33590794
      match {
        field_id: 1
        exact {
          value: "\n\000\002\003"
        }
      }
      match {
        field_id: 2
        exact {
          value: "\n\000\005\n"
        }
      }
      action {
        action {
          action_id: 16824682
          params {
            param_id: 1
            value: "\000\000\000\026"
          }
        }
      }
    }
  }
}
P4Runtime Write
device_id: 5
election_id {
  low: 1
}
updates {
  type: INSERT
  entity {
    table_entry {
      table_id: 33590794
      match {
        field_id: 1
        exact {
          value: "\n\000\005\n"
        }
      }
      match {
        field_id: 2
        exact {
          value: "\n\000\002\004"
        }
      }
      action {
        action {
          action_id: 16824682
          params {
            param_id: 1
            value: "\000\000\000\027"
          }
        }
      }
    }
  }
}
P4Runtime Write
device_id: 5
election_id {
  low: 1
}
updates {
  type: INSERT
  entity {
    table_entry {
      table_id: 33590794
      match {
        field_id: 1
        exact {
          value: "\n\000\002\004"
        }
      }
      match {
        field_id: 2
        exact {
          value: "\n\000\005\n"
        }
      }
      action {
        action {
          action_id: 16824682
          params {
            param_id: 1
            value: "\000\000\000\030"
          }
        }
      }
    }
  }
}
P4Runtime Write
device_id: 5
election_id {
  low: 1
}
updates {
  type: INSERT
  entity {
    table_entry {
      table_id: 33590794
      match {
        field_id: 1
        exact {
          value: "\n\000\005\n"
        }
      }
      match {
        field_id: 2
        exact {
          value: "\n\000\003\005"
        }
      }
      action {
        action {
          action_id: 16824682
          params {
            param_id: 1
            value: "\000\000\000\031"
          }
        }
      }
    }
  }
}
P4Runtime Write
device_id: 5
election_id {
  low: 1
}
updates {
  type: INSERT
  entity {
    table_entry {
      table_id: 33590794
      match {
        field_id: 1
        exact {
          value: "\n\000\003\005"
        }
      }
      match {
        field_id: 2
        exact {
          value: "\n\000\005\n"
        }
      }
      action {
        action {
          action_id: 16824682
          params {
            param_id: 1
            value: "\000\000\000\032"
          }
        }
      }
    }
  }
}
P4Runtime Write
device_id: 5
election_id {
  low: 1
}
updates {
  type: INSERT
  entity {
    table_entry {
      table_id: 33590794
      match {
        field_id: 1
        exact {
          value: "\n\000\005\n"
        }
      }
      match {
        field_id: 2
        exact {
          value: "\n\000\003\006"
        }
      }
      action {
        action {
          action_id: 16824682
          params {
            param_id: 1
            value: "\000\000\000\033"
          }
        }
      }
    }
  }
}
P4Runtime Write
device_id: 5
election_id {
  low: 1
}
updates {
  type: INSERT
  entity {
    table_entry {
      table_id: 33590794
      match {
        field_id: 1
        exact {
          value: "\n\000\003\006"
        }
      }
      match {
        field_id: 2
        exact {
          value: "\n\000\005\n"
        }
      }
      action {
        action {
          action_id: 16824682
          params {
            param_id: 1
            value: "\000\000\000\034"
          }
        }
      }
    }
  }
}
P4Runtime Write
device_id: 5
election_id {
  low: 1
}
updates {
  type: INSERT
  entity {
    table_entry {
      table_id: 33590794
      match {
        field_id: 1
        exact {
          value: "\n\000\005\n"
        }
      }
      match {
        field_id: 2
        exact {
          value: "\n\000\004\007"
        }
      }
      action {
        action {
          action_id: 16824682
          params {
            param_id: 1
            value: "\000\000\000\035"
          }
        }
      }
    }
  }
}
P4Runtime Write
device_id: 5
election_id {
  low: 1
}
updates {
  type: INSERT
  entity {
    table_entry {
      table_id: 33590794
      match {
        field_id: 1
        exact {
          value: "\n\000\004\007"
        }
      }
      match {
        field_id: 2
        exact {
          value: "\n\000\005\n"
        }
      }
      action {
        action {
          action_id: 16824682
          params {
            param_id: 1
            value: "\000\000\000\036"
          }
        }
      }
    }
  }
}
P4Runtime Write
device_id: 5
election_id {
  low: 1
}
updates {
  type: INSERT
  entity {
    table_entry {
      table_id: 33590794
      match {
        field_id: 1
        exact {
          value: "\n\000\005\n"
        }
      }
      match {
        field_id: 2
        exact {
          value: "\n\000\004\010"
        }
      }
      action {
        action {
          action_id: 16824682
          params {
            param_id: 1
            value: "\000\000\000\037"
          }
        }
      }
    }
  }
}
P4Runtime Write
device_id: 5
election_id {
  low: 1
}
updates {
  type: INSERT
  entity {
    table_entry {
      table_id: 33590794
      match {
        field_id: 1
        exact {
          value: "\n\000\004\010"
        }
      }
      match {
        field_id: 2
        exact {
          value: "\n\000\005\n"
        }
      }
      action {
        action {
          action_id: 16824682
          params {
            param_id: 1
            value: "\000\000\000 "
          }
        }
      }
    }
  }
}
P4Runtime Write
device_id: 5
election_id {
  low: 1
}
updates {
  type: INSERT
  entity {
    table_entry {
      table_id: 33590794
      match {
        field_id: 1
        exact {
          value: "\n\000\005\n"
        }
      }
      match {
        field_id: 2
        exact {
          value: "\n\000\005\t"
        }
      }
      action {
        action {
          action_id: 16824682
          params {
            param_id: 1
            value: "\000\000\000!"
          }
        }
      }
    }
  }
}
P4Runtime Write
device_id: 5
election_id {
  low: 1
}
updates {
  type: INSERT
  entity {
    table_entry {
      table_id: 33590794
      match {
        field_id: 1
        exact {
          value: "\n\000\005\t"
        }
      }
      match {
        field_id: 2
        exact {
          value: "\n\000\005\n"
        }
      }
      action {
        action {
          action_id: 16824682
          params {
            param_id: 1
            value: "\000\000\000\""
          }
        }
      }
    }
  }
}
P4Runtime Write
device_id: 5
election_id {
  low: 1
}
updates {
  type: INSERT
  entity {
    table_entry {
      table_id: 33590794
      match {
        field_id: 1
        exact {
          value: "\n\000\005\n"
        }
      }
      match {
        field_id: 2
        exact {
          value: "\n\000\006\013"
        }
      }
      action {
        action {
          action_id: 16824682
          params {
            param_id: 1
            value: "\000\000\000#"
          }
        }
      }
    }
  }
}
P4Runtime Write
device_id: 5
election_id {
  low: 1
}
updates {
  type: INSERT
  entity {
    table_entry {
      table_id: 33590794
      match {
        field_id: 1
        exact {
          value: "\n\000\006\013"
        }
      }
      match {
        field_id: 2
        exact {
          value: "\n\000\005\n"
        }
      }
      action {
        action {
          action_id: 16824682
          params {
            param_id: 1
            value: "\000\000\000$"
          }
        }
      }
    }
  }
}
P4Runtime Write
device_id: 5
election_id {
  low: 1
}
updates {
  type: INSERT
  entity {
    table_entry {
      table_id: 33590794
      match {
        field_id: 1
        exact {
          value: "\n\000\005\n"
        }
      }
      match {
        field_id: 2
        exact {
          value: "\n\000\006\014"
        }
      }
      action {
        action {
          action_id: 16824682
          params {
            param_id: 1
            value: "\000\000\000%"
          }
        }
      }
    }
  }
}
P4Runtime Write
device_id: 5
election_id {
  low: 1
}
updates {
  type: INSERT
  entity {
    table_entry {
      table_id: 33590794
      match {
        field_id: 1
        exact {
          value: "\n\000\006\014"
        }
      }
      match {
        field_id: 2
        exact {
          value: "\n\000\005\n"
        }
      }
      action {
        action {
          action_id: 16824682
          params {
            param_id: 1
            value: "\000\000\000&"
          }
        }
      }
    }
  }
}
P4Runtime Write
device_id: 5
election_id {
  low: 1
}
updates {
  type: INSERT
  entity {
    table_entry {
      table_id: 33590794
      match {
        field_id: 1
        exact {
          value: "\n\000\005\n"
        }
      }
      match {
        field_id: 2
        exact {
          value: "\n\000\007\r"
        }
      }
      action {
        action {
          action_id: 16824682
          params {
            param_id: 1
            value: "\000\000\000\'"
          }
        }
      }
    }
  }
}
P4Runtime Write
device_id: 5
election_id {
  low: 1
}
updates {
  type: INSERT
  entity {
    table_entry {
      table_id: 33590794
      match {
        field_id: 1
        exact {
          value: "\n\000\007\r"
        }
      }
      match {
        field_id: 2
        exact {
          value: "\n\000\005\n"
        }
      }
      action {
        action {
          action_id: 16824682
          params {
            param_id: 1
            value: "\000\000\000("
          }
        }
      }
    }
  }
}
P4Runtime Write
device_id: 5
election_id {
  low: 1
}
updates {
  type: INSERT
  entity {
    table_entry {
      table_id: 33590794
      match {
        field_id: 1
        exact {
          value: "\n\000\005\n"
        }
      }
      match {
        field_id: 2
        exact {
          value: "\n\000\007\016"
        }
      }
      action {
        action {
          action_id: 16824682
          params {
            param_id: 1
            value: "\000\000\000)"
          }
        }
      }
    }
  }
}
P4Runtime Write
device_id: 5
election_id {
  low: 1
}
updates {
  type: INSERT
  entity {
    table_entry {
      table_id: 33590794
      match {
        field_id: 1
        exact {
          value: "\n\000\007\016"
        }
      }
      match {
        field_id: 2
        exact {
          value: "\n\000\005\n"
        }
      }
      action {
        action {
          action_id: 16824682
          params {
            param_id: 1
            value: "\000\000\000*"
          }
        }
      }
    }
  }
}
P4Runtime Write
device_id: 5
election_id {
  low: 1
}
updates {
  type: INSERT
  entity {
    table_entry {
      table_id: 33590794
      match {
        field_id: 1
        exact {
          value: "\n\000\006\013"
        }
      }
      match {
        field_id: 2
        exact {
          value: "\n\000\005\t"
        }
      }
      action {
        action {
          action_id: 16824682
          params {
            param_id: 1
            value: "\000\000\000+"
          }
        }
      }
    }
  }
}
P4Runtime Write
device_id: 5
election_id {
  low: 1
}
updates {
  type: INSERT
  entity {
    table_entry {
      table_id: 33590794
      match {
        field_id: 1
        exact {
          value: "\n\000\005\t"
        }
      }
      match {
        field_id: 2
        exact {
          value: "\n\000\006\013"
        }
      }
      action {
        action {
          action_id: 16824682
          params {
            param_id: 1
            value: "\000\000\000,"
          }
        }
      }
    }
  }
}
P4Runtime Write
device_id: 5
election_id {
  low: 1
}
updates {
  type: INSERT
  entity {
    table_entry {
      table_id: 33590794
      match {
        field_id: 1
        exact {
          value: "\n\000\006\014"
        }
      }
      match {
        field_id: 2
        exact {
          value: "\n\000\005\t"
        }
      }
      action {
        action {
          action_id: 16824682
          params {
            param_id: 1
            value: "\000\000\000-"
          }
        }
      }
    }
  }
}
P4Runtime Write
device_id: 5
election_id {
  low: 1
}
updates {
  type: INSERT
  entity {
    table_entry {
      table_id: 33590794
      match {
        field_id: 1
        exact {
          value: "\n\000\005\t"
        }
      }
      match {
        field_id: 2
        exact {
          value: "\n\000\006\014"
        }
      }
      action {
        action {
          action_id: 16824682
          params {
            param_id: 1
            value: "\000\000\000."
          }
        }
      }
    }
  }
}
P4Runtime Write
device_id: 5
election_id {
  low: 1
}
updates {
  type: INSERT
  entity {
    table_entry {
      table_id: 33590794
      match {
        field_id: 1
        exact {
          value: "\n\000\007\r"
        }
      }
      match {
        field_id: 2
        exact {
          value: "\n\000\005\t"
        }
      }
      action {
        action {
          action_id: 16824682
          params {
            param_id: 1
            value: "\000\000\000/"
          }
        }
      }
    }
  }
}
P4Runtime Write
device_id: 5
election_id {
  low: 1
}
updates {
  type: INSERT
  entity {
    table_entry {
      table_id: 33590794
      match {
        field_id: 1
        exact {
          vopen: No such file or directory
open: No such file or directory
open: No such file or directory
open: No such file or directory
open: No such file or directory
open: No such file or directory
open: No such file or directory
open: No such file or directory
open: No such file or directory
open: No such file or directory
open: No such file or directory
open: No such file or directory
open: No such file or directory
open: No such file or directory
open: No such file or directory
open: No such file or directory
open: No such file or directory
open: No such file or directory
open: No such file or directory
open: No such file or directory
open: No such file or directory
open: No such file or directory
open: No such file or directory
open: No such file or directory
open: No such file or directory
open: No such file or directory
open: No such file or directory
open: No such file or directory
open: No such file or directory
open: No such file or directory
open: No such file or directory
open: No such file or directory
open: No such file or directory
open: No such file or directory
open: No such file or directory
open: No such file or directory
open: No such file or directory
open: No such file or directory
open: No such file or directory
open: No such file or directory
open: No such file or directory
open: No such file or directory
open: No such file or directory
open: No such file or directory
